<?xml version="1.0" encoding="UTF-8"?>
<!-- Generated by org.testng.reporters.JUnitXMLReporter -->
<testsuite ignored="1" hostname="DESKTOP-E8CPF4G" failures="0" tests="1" name="Default test" time="21.708" errors="0" timestamp="2022-08-09T18:57:13 IST">
  <testcase classname="com.iris22a.ProductTests" name="VerifySearchResultForPoloMen" time="15.399"/>
  <testcase classname="com.iris22a.ProductTests" name="verifyAccountList" time="0.0">
    <ignored/>
  </testcase> <!-- verifyAccountList -->
</testsuite> <!-- Default test -->
