<?xml version="1.0" encoding="UTF-8"?>
<testng-results ignored="1" total="2" passed="1" failed="0" skipped="0">
  <reporter-output>
  </reporter-output>
  <suite started-at="2022-08-09T18:56:51 IST" name="Default suite" finished-at="2022-08-09T18:57:13 IST" duration-ms="21708">
    <groups>
    </groups>
    <test started-at="2022-08-09T18:56:51 IST" name="Default test" finished-at="2022-08-09T18:57:13 IST" duration-ms="21708">
      <class name="com.iris22a.ProductTests">
        <test-method is-config="true" signature="setUp(java.lang.String)[pri:0, instance:com.iris22a.ProductTests@1603cd68]" started-at="2022-08-09T18:56:51 IST" name="setUp" finished-at="2022-08-09T18:56:56 IST" duration-ms="4499" status="PASS">
          <params>
            <param index="0">
              <value is-null="true"/>
            </param>
          </params>
          <reporter-output>
          </reporter-output>
        </test-method> <!-- setUp -->
        <test-method signature="VerifySearchResultForPoloMen()[pri:0, instance:com.iris22a.ProductTests@1603cd68]" started-at="2022-08-09T18:56:56 IST" name="VerifySearchResultForPoloMen" finished-at="2022-08-09T18:57:11 IST" duration-ms="15399" status="PASS">
          <reporter-output>
          </reporter-output>
        </test-method> <!-- VerifySearchResultForPoloMen -->
        <test-method is-config="true" signature="tearDown()[pri:0, instance:com.iris22a.ProductTests@1603cd68]" started-at="2022-08-09T18:57:11 IST" name="tearDown" finished-at="2022-08-09T18:57:13 IST" duration-ms="1436" status="PASS">
          <reporter-output>
          </reporter-output>
        </test-method> <!-- tearDown -->
      </class> <!-- com.iris22a.ProductTests -->
    </test> <!-- Default test -->
  </suite> <!-- Default suite -->
</testng-results>
